<?xml version="1.0" encoding="UTF-8"?>
<!-- Generated by org.testng.reporters.JUnitReportReporter -->
<testsuite hostname="DESKTOP-BQPVLVH" failures="0" tests="1" name="tests.TestBase" time="0.006" errors="0" timestamp="2023-03-13T15:56:45 EET" skipped="0">
  <testcase classname="tests.TestBase" name="user" time="0.006"/>
  <system-out/>
</testsuite> <!-- tests.TestBase -->
