<?xml version="1.0" encoding="UTF-8"?>
<!-- Generated by org.testng.reporters.JUnitReportReporter -->
<testsuite hostname="DESKTOP-BQPVLVH" failures="0" tests="1" name="tests.CourseWFlowTest" time="12.606" errors="0" timestamp="2023-03-14T02:27:33 EET" skipped="0">
  <testcase classname="tests.CourseWFlowTest" name="Create_And_SaveAsDraftCourse" time="12.606"/>
  <system-out/>
</testsuite> <!-- tests.CourseWFlowTest -->
