<?xml version="1.0" encoding="UTF-8"?>
<!-- Generated by org.testng.reporters.JUnitReportReporter -->
<testsuite hostname="DESKTOP-BQPVLVH" failures="0" tests="2" name="tests.CourseFlowTest" time="9.983" errors="0" timestamp="2023-03-13T17:38:51 EET" skipped="0">
  <testcase classname="tests.CourseFlowTest" name="Create_And_SaveAsDraftCourse" time="8.997"/>
  <system-out/>
  <testcase classname="tests.CourseFlowTest" name="Assert_course_title_is_displayed" time="0.986"/>
  <system-out/>
</testsuite> <!-- tests.CourseFlowTest -->
