<?xml version="1.0" encoding="UTF-8"?>
<!-- Generated by org.testng.reporters.JUnitReportReporter -->
<testsuite hostname="DESKTOP-BQPVLVH" failures="0" tests="2" name="tests.CourseWFlowTest" time="0.018" errors="0" timestamp="2023-03-13T20:37:39 EET" skipped="0">
  <testcase classname="tests.CourseWFlowTest" name="Create_And_SaveAsDraftCourse" time="0.002"/>
  <system-out/>
  <testcase classname="tests.CourseWFlowTest" name="Assert_course_title_is_displayed" time="0.016"/>
  <system-out/>
</testsuite> <!-- tests.CourseWFlowTest -->
