<?xml version="1.0" encoding="UTF-8"?>
<!-- Generated by org.testng.reporters.JUnitReportReporter -->
<testsuite hostname="DESKTOP-BQPVLVH" failures="0" tests="2" name="tests.LoginTest" time="11.028" errors="0" timestamp="2023-03-13T17:22:13 EET" skipped="0">
  <testcase classname="tests.LoginTest" name="user" time="0.002"/>
  <system-out/>
  <testcase classname="tests.LoginTest" name="Open_Registration_Page" time="11.026"/>
  <system-out/>
</testsuite> <!-- tests.LoginTest -->
