<?xml version="1.0" encoding="UTF-8"?>
<!-- Generated by org.testng.reporters.JUnitReportReporter -->
<testsuite hostname="DESKTOP-BQPVLVH" failures="0" tests="2" name="tests.CourseWFlowTest" time="34.543" errors="0" timestamp="13 Mar 2023 21:24:05 GMT" skipped="0">
  <testcase classname="tests.CourseWFlowTest" name="Create_And_SaveAsDraftCourse" time="34.539"/>
  <testcase classname="tests.CourseWFlowTest" name="Assert_course_title_is_displayed" time="0.004"/>
</testsuite> <!-- tests.CourseWFlowTest -->
